The following values were not passed to `accelerate launch` and had defaults used instead:
	`--num_machines` was set to a value of `1`
	`--mixed_precision` was set to a value of `'no'`
	`--dynamo_backend` was set to a value of `'no'`
To avoid this warning pass in values for each of the problematic parameters or run `accelerate config`.
[SPARSE] Backend: spconv, Attention: xformers
[SPARSE][CONV] spconv algo: auto
[ATTENTION] Using backend: xformers
[SPARSE] Backend: spconv, Attention: xformers
[SPARSE][CONV] spconv algo: auto
[ATTENTION] Using backend: xformers
/home/filippo/.conda/envs/trellis/lib/python3.10/site-packages/xformers/ops/fmha/flash.py:211: FutureWarning: `torch.library.impl_abstract` was renamed to `torch.library.register_fake`. Please use that instead; we will remove `torch.library.impl_abstract` in a future version of PyTorch.
  @torch.library.impl_abstract("xformers_flash::flash_fwd")
/home/filippo/.conda/envs/trellis/lib/python3.10/site-packages/xformers/ops/fmha/flash.py:211: FutureWarning: `torch.library.impl_abstract` was renamed to `torch.library.register_fake`. Please use that instead; we will remove `torch.library.impl_abstract` in a future version of PyTorch.
  @torch.library.impl_abstract("xformers_flash::flash_fwd")
/home/filippo/.conda/envs/trellis/lib/python3.10/site-packages/xformers/ops/fmha/flash.py:344: FutureWarning: `torch.library.impl_abstract` was renamed to `torch.library.register_fake`. Please use that instead; we will remove `torch.library.impl_abstract` in a future version of PyTorch.
  @torch.library.impl_abstract("xformers_flash::flash_bwd")
/home/filippo/.conda/envs/trellis/lib/python3.10/site-packages/xformers/ops/fmha/flash.py:344: FutureWarning: `torch.library.impl_abstract` was renamed to `torch.library.register_fake`. Please use that instead; we will remove `torch.library.impl_abstract` in a future version of PyTorch.
  @torch.library.impl_abstract("xformers_flash::flash_bwd")
[MorphingDistillDataset] valid samples: 17922 | skipped missing/corrupted candidates: 3
[MorphingDistillDataset][skip] target=1188_bard-like-anthropomorphic-rat-warrior+7097_moss-covered-mushroom-folk-warrior+a0p3469
  missing: /home/filippo/datasets/3d/morphing_dataset_flux/pairs_2/1188_bard-like-anthropomorphic-rat-warrior+7097_moss-covered-mushroom-folk-warrior+a0p3469/mid_slat_feats.pt
  missing: /home/filippo/datasets/3d/morphing_dataset_flux/pairs_2/1188_bard-like-anthropomorphic-rat-warrior+7097_moss-covered-mushroom-folk-warrior+a0p3469/mid_slat_coords.pt
  missing: /home/filippo/datasets/3d/morphing_dataset_flux/pairs_2/1188_bard-like-anthropomorphic-rat-warrior+7097_moss-covered-mushroom-folk-warrior+a0p3469/mid_sparse_structure_latent.pt
[MorphingDistillDataset][skip] target=1193_bard-like-anthropomorphic-hamster-monk+6952_compact-anthropomorphic-tortoise-guarding-stance+a0p7349
  missing: /home/filippo/datasets/3d/morphing_dataset_flux/pairs_2/1193_bard-like-anthropomorphic-hamster-monk+6952_compact-anthropomorphic-tortoise-guarding-stance+a0p7349/mid_slat_feats.pt
  missing: /home/filippo/datasets/3d/morphing_dataset_flux/pairs_2/1193_bard-like-anthropomorphic-hamster-monk+6952_compact-anthropomorphic-tortoise-guarding-stance+a0p7349/mid_slat_coords.pt
  missing: /home/filippo/datasets/3d/morphing_dataset_flux/pairs_2/1193_bard-like-anthropomorphic-hamster-monk+6952_compact-anthropomorphic-tortoise-guarding-stance+a0p7349/mid_sparse_structure_latent.pt
[MorphingDistillDataset][skip] target=1194_jungle-ice-beast-sneaky-pose+0022_bard-like-anthropomorphic-manta-ray+a0p8288
  missing: /home/filippo/datasets/3d/morphing_dataset_flux/pairs_2/1194_jungle-ice-beast-sneaky-pose+0022_bard-like-anthropomorphic-manta-ray+a0p8288/mid_slat_feats.pt
  missing: /home/filippo/datasets/3d/morphing_dataset_flux/pairs_2/1194_jungle-ice-beast-sneaky-pose+0022_bard-like-anthropomorphic-manta-ray+a0p8288/mid_slat_coords.pt
  missing: /home/filippo/datasets/3d/morphing_dataset_flux/pairs_2/1194_jungle-ice-beast-sneaky-pose+0022_bard-like-anthropomorphic-manta-ray+a0p8288/mid_sparse_structure_latent.pt
[MorphingDistillDataset] valid samples: 17922 | skipped missing/corrupted candidates: 3
[MorphingDistillDataset][skip] target=1188_bard-like-anthropomorphic-rat-warrior+7097_moss-covered-mushroom-folk-warrior+a0p3469
  missing: /home/filippo/datasets/3d/morphing_dataset_flux/pairs_2/1188_bard-like-anthropomorphic-rat-warrior+7097_moss-covered-mushroom-folk-warrior+a0p3469/mid_slat_feats.pt
  missing: /home/filippo/datasets/3d/morphing_dataset_flux/pairs_2/1188_bard-like-anthropomorphic-rat-warrior+7097_moss-covered-mushroom-folk-warrior+a0p3469/mid_slat_coords.pt
  missing: /home/filippo/datasets/3d/morphing_dataset_flux/pairs_2/1188_bard-like-anthropomorphic-rat-warrior+7097_moss-covered-mushroom-folk-warrior+a0p3469/mid_sparse_structure_latent.pt
[MorphingDistillDataset][skip] target=1193_bard-like-anthropomorphic-hamster-monk+6952_compact-anthropomorphic-tortoise-guarding-stance+a0p7349
  missing: /home/filippo/datasets/3d/morphing_dataset_flux/pairs_2/1193_bard-like-anthropomorphic-hamster-monk+6952_compact-anthropomorphic-tortoise-guarding-stance+a0p7349/mid_slat_feats.pt
  missing: /home/filippo/datasets/3d/morphing_dataset_flux/pairs_2/1193_bard-like-anthropomorphic-hamster-monk+6952_compact-anthropomorphic-tortoise-guarding-stance+a0p7349/mid_slat_coords.pt
  missing: /home/filippo/datasets/3d/morphing_dataset_flux/pairs_2/1193_bard-like-anthropomorphic-hamster-monk+6952_compact-anthropomorphic-tortoise-guarding-stance+a0p7349/mid_sparse_structure_latent.pt
[MorphingDistillDataset][skip] target=1194_jungle-ice-beast-sneaky-pose+0022_bard-like-anthropomorphic-manta-ray+a0p8288
  missing: /home/filippo/datasets/3d/morphing_dataset_flux/pairs_2/1194_jungle-ice-beast-sneaky-pose+0022_bard-like-anthropomorphic-manta-ray+a0p8288/mid_slat_feats.pt
  missing: /home/filippo/datasets/3d/morphing_dataset_flux/pairs_2/1194_jungle-ice-beast-sneaky-pose+0022_bard-like-anthropomorphic-manta-ray+a0p8288/mid_slat_coords.pt
  missing: /home/filippo/datasets/3d/morphing_dataset_flux/pairs_2/1194_jungle-ice-beast-sneaky-pose+0022_bard-like-anthropomorphic-manta-ray+a0p8288/mid_sparse_structure_latent.pt
Using device: cuda:0
Num processes: 2
Dataset size: 17922
Checkpoints and logs in: ./outputs/morphflow/20260417_144453
TensorBoard logs in: ./outputs/morphflow/20260417_144453/tb
Epoch 1/100:   0%|          | 0/561 [00:00<?, ?it/s]Epoch 1/100:   0%|          | 0/561 [00:04<?, ?it/s, avg=1.422225, loss=1.422225, step=1]Epoch 1/100:   0%|          | 1/561 [00:04<46:37,  5.00s/it, avg=1.422225, loss=1.422225, step=1]Epoch 1/100:   0%|          | 1/561 [00:06<1:01:15,  6.56s/it, avg=1.422225, loss=1.422225, step=1]
[rank0]: Traceback (most recent call last):
[rank0]:   File "/home/filippo/projects/MorphFlow/main.py", line 9, in <module>
[rank0]:     train(args)
[rank0]:   File "/home/filippo/projects/MorphFlow/train.py", line 106, in train
[rank0]:     accelerator.backward(loss)
[rank0]:   File "/home/filippo/.conda/envs/trellis/lib/python3.10/site-packages/accelerate/accelerator.py", line 2838, in backward
[rank0]:     loss.backward(**kwargs)
[rank0]:   File "/home/filippo/.conda/envs/trellis/lib/python3.10/site-packages/torch/_tensor.py", line 521, in backward
[rank0]:     torch.autograd.backward(
[rank0]:   File "/home/filippo/.conda/envs/trellis/lib/python3.10/site-packages/torch/autograd/__init__.py", line 289, in backward
[rank0]:     _engine_run_backward(
[rank0]:   File "/home/filippo/.conda/envs/trellis/lib/python3.10/site-packages/torch/autograd/graph.py", line 768, in _engine_run_backward
[rank0]:     return Variable._execution_engine.run_backward(  # Calls into the C++ engine to run the backward pass
[rank0]: torch.OutOfMemoryError: CUDA out of memory. Tried to allocate 96.00 MiB. GPU 0 has a total capacity of 23.55 GiB of which 92.81 MiB is free. Including non-PyTorch memory, this process has 23.45 GiB memory in use. Of the allocated memory 22.66 GiB is allocated by PyTorch, and 215.58 MiB is reserved by PyTorch but unallocated. If reserved but unallocated memory is large try setting PYTORCH_CUDA_ALLOC_CONF=expandable_segments:True to avoid fragmentation.  See documentation for Memory Management  (https://pytorch.org/docs/stable/notes/cuda.html#environment-variables)
W0417 14:45:26.392000 140065862530112 torch/distributed/elastic/multiprocessing/api.py:858] Sending process 2924524 closing signal SIGTERM
E0417 14:45:26.757000 140065862530112 torch/distributed/elastic/multiprocessing/api.py:833] failed (exitcode: 1) local_rank: 0 (pid: 2924523) of binary: /home/filippo/.conda/envs/trellis/bin/python
Traceback (most recent call last):
  File "/home/filippo/.conda/envs/trellis/bin/accelerate", line 6, in <module>
    sys.exit(main())
  File "/home/filippo/.conda/envs/trellis/lib/python3.10/site-packages/accelerate/commands/accelerate_cli.py", line 50, in main
    args.func(args)
  File "/home/filippo/.conda/envs/trellis/lib/python3.10/site-packages/accelerate/commands/launch.py", line 1396, in launch_command
    multi_gpu_launcher(args)
  File "/home/filippo/.conda/envs/trellis/lib/python3.10/site-packages/accelerate/commands/launch.py", line 1023, in multi_gpu_launcher
    distrib_run.run(args)
  File "/home/filippo/.conda/envs/trellis/lib/python3.10/site-packages/torch/distributed/run.py", line 892, in run
    elastic_launch(
  File "/home/filippo/.conda/envs/trellis/lib/python3.10/site-packages/torch/distributed/launcher/api.py", line 133, in __call__
    return launch_agent(self._config, self._entrypoint, list(args))
  File "/home/filippo/.conda/envs/trellis/lib/python3.10/site-packages/torch/distributed/launcher/api.py", line 264, in launch_agent
    raise ChildFailedError(
torch.distributed.elastic.multiprocessing.errors.ChildFailedError: 
============================================================
main.py FAILED
------------------------------------------------------------
Failures:
  <NO_OTHER_FAILURES>
------------------------------------------------------------
Root Cause (first observed failure):
[0]:
  time      : 2026-04-17_14:45:26
  host      : implabmonster
  rank      : 0 (local_rank: 0)
  exitcode  : 1 (pid: 2924523)
  error_file: <N/A>
  traceback : To enable traceback see: https://pytorch.org/docs/stable/elastic/errors.html
============================================================
