The following values were not passed to `accelerate launch` and had defaults used instead:
	`--num_machines` was set to a value of `1`
	`--mixed_precision` was set to a value of `'no'`
	`--dynamo_backend` was set to a value of `'no'`
To avoid this warning pass in values for each of the problematic parameters or run `accelerate config`.
[SPARSE] Backend: spconv, Attention: xformers
[SPARSE][CONV] spconv algo: auto
[ATTENTION] Using backend: xformers
[SPARSE] Backend: spconv, Attention: xformers
[SPARSE][CONV] spconv algo: auto
[ATTENTION] Using backend: xformers
/home/filippo/.conda/envs/trellis/lib/python3.10/site-packages/xformers/ops/fmha/flash.py:211: FutureWarning: `torch.library.impl_abstract` was renamed to `torch.library.register_fake`. Please use that instead; we will remove `torch.library.impl_abstract` in a future version of PyTorch.
  @torch.library.impl_abstract("xformers_flash::flash_fwd")
/home/filippo/.conda/envs/trellis/lib/python3.10/site-packages/xformers/ops/fmha/flash.py:211: FutureWarning: `torch.library.impl_abstract` was renamed to `torch.library.register_fake`. Please use that instead; we will remove `torch.library.impl_abstract` in a future version of PyTorch.
  @torch.library.impl_abstract("xformers_flash::flash_fwd")
/home/filippo/.conda/envs/trellis/lib/python3.10/site-packages/xformers/ops/fmha/flash.py:344: FutureWarning: `torch.library.impl_abstract` was renamed to `torch.library.register_fake`. Please use that instead; we will remove `torch.library.impl_abstract` in a future version of PyTorch.
  @torch.library.impl_abstract("xformers_flash::flash_bwd")
/home/filippo/.conda/envs/trellis/lib/python3.10/site-packages/xformers/ops/fmha/flash.py:344: FutureWarning: `torch.library.impl_abstract` was renamed to `torch.library.register_fake`. Please use that instead; we will remove `torch.library.impl_abstract` in a future version of PyTorch.
  @torch.library.impl_abstract("xformers_flash::flash_bwd")
[MorphingDistillDataset] valid samples: 17571 | skipped missing/corrupted candidates: 0 | skipped by asset exclusion: 354
[MorphingDistillDataset] valid samples: 200 | skipped missing/corrupted candidates: 0 | skipped by asset exclusion: 0
Using device: cuda:0
Num processes: 2
Dataset size: 17571
Excluded train assets from validation metadata: 84
Validation dataset size: 200
Checkpoints and logs in: ./outputs/morphflow/20260424_123801
TensorBoard logs in: ./outputs/morphflow/20260424_123801/tb
EMA enabled: True
EMA decay: 0.9999
Epoch 1/100:   0%|          | 0/879 [00:00<?, ?it/s]Epoch 1/100:   0%|          | 0/879 [00:14<?, ?it/s, avg=1.363911, loss=1.363911, step=1]Epoch 1/100:   0%|          | 1/879 [00:14<3:35:38, 14.74s/it, avg=1.363911, loss=1.363911, step=1]Epoch 1/100:   0%|          | 1/879 [00:28<3:35:38, 14.74s/it, avg=1.380252, loss=1.396593, step=2]Epoch 1/100:   0%|          | 2/879 [00:28<3:30:30, 14.40s/it, avg=1.380252, loss=1.396593, step=2]Epoch 1/100:   0%|          | 2/879 [00:43<3:30:30, 14.40s/it, avg=1.385259, loss=1.395274, step=3]Epoch 1/100:   0%|          | 3/879 [00:43<3:30:17, 14.40s/it, avg=1.385259, loss=1.395274, step=3]Epoch 1/100:   0%|          | 3/879 [00:57<3:30:17, 14.40s/it, avg=1.388783, loss=1.399355, step=4]Epoch 1/100:   0%|          | 4/879 [00:57<3:30:04, 14.40s/it, avg=1.388783, loss=1.399355, step=4]Epoch 1/100:   0%|          | 4/879 [01:12<3:30:04, 14.40s/it, avg=1.389037, loss=1.390052, step=5]Epoch 1/100:   1%|          | 5/879 [01:12<3:30:25, 14.45s/it, avg=1.389037, loss=1.390052, step=5]Epoch 1/100:   1%|          | 5/879 [01:26<3:30:25, 14.45s/it, avg=1.386438, loss=1.373442, step=6]Epoch 1/100:   1%|          | 6/879 [01:26<3:29:49, 14.42s/it, avg=1.386438, loss=1.373442, step=6]Epoch 1/100:   1%|          | 6/879 [01:40<3:29:49, 14.42s/it, avg=1.386029, loss=1.383574, step=7]Epoch 1/100:   1%|          | 7/879 [01:40<3:27:45, 14.30s/it, avg=1.386029, loss=1.383574, step=7]Epoch 1/100:   1%|          | 7/879 [01:54<3:27:45, 14.30s/it, avg=1.383432, loss=1.365260, step=8]Epoch 1/100:   1%|          | 8/879 [01:54<3:26:14, 14.21s/it, avg=1.383432, loss=1.365260, step=8]Epoch 1/100:   1%|          | 8/879 [02:08<3:26:14, 14.21s/it, avg=1.387384, loss=1.418993, step=9]Epoch 1/100:   1%|          | 9/879 [02:08<3:25:49, 14.19s/it, avg=1.387384, loss=1.418993, step=9]W0424 12:40:29.715000 140634622047296 torch/distributed/elastic/agent/server/api.py:688] Received Signals.SIGTERM death signal, shutting down workers
W0424 12:40:29.715000 140634622047296 torch/distributed/elastic/multiprocessing/api.py:858] Sending process 3241860 closing signal SIGTERM
W0424 12:40:29.716000 140634622047296 torch/distributed/elastic/multiprocessing/api.py:858] Sending process 3241861 closing signal SIGTERM
Traceback (most recent call last):
  File "/home/filippo/.conda/envs/trellis/bin/accelerate", line 6, in <module>
    sys.exit(main())
  File "/home/filippo/.conda/envs/trellis/lib/python3.10/site-packages/accelerate/commands/accelerate_cli.py", line 50, in main
    args.func(args)
  File "/home/filippo/.conda/envs/trellis/lib/python3.10/site-packages/accelerate/commands/launch.py", line 1396, in launch_command
    multi_gpu_launcher(args)
  File "/home/filippo/.conda/envs/trellis/lib/python3.10/site-packages/accelerate/commands/launch.py", line 1023, in multi_gpu_launcher
    distrib_run.run(args)
  File "/home/filippo/.conda/envs/trellis/lib/python3.10/site-packages/torch/distributed/run.py", line 892, in run
    elastic_launch(
  File "/home/filippo/.conda/envs/trellis/lib/python3.10/site-packages/torch/distributed/launcher/api.py", line 133, in __call__
    return launch_agent(self._config, self._entrypoint, list(args))
  File "/home/filippo/.conda/envs/trellis/lib/python3.10/site-packages/torch/distributed/launcher/api.py", line 255, in launch_agent
    result = agent.run()
  File "/home/filippo/.conda/envs/trellis/lib/python3.10/site-packages/torch/distributed/elastic/metrics/api.py", line 124, in wrapper
    result = f(*args, **kwargs)
  File "/home/filippo/.conda/envs/trellis/lib/python3.10/site-packages/torch/distributed/elastic/agent/server/api.py", line 680, in run
    result = self._invoke_run(role)
  File "/home/filippo/.conda/envs/trellis/lib/python3.10/site-packages/torch/distributed/elastic/agent/server/api.py", line 835, in _invoke_run
    time.sleep(monitor_interval)
  File "/home/filippo/.conda/envs/trellis/lib/python3.10/site-packages/torch/distributed/elastic/multiprocessing/api.py", line 79, in _terminate_process_handler
    raise SignalException(f"Process {os.getpid()} got signal: {sigval}", sigval=sigval)
torch.distributed.elastic.multiprocessing.api.SignalException: Process 3241774 got signal: 15
