[SPARSE] Backend: spconv, Attention: xformers
[SPARSE][CONV] spconv algo: auto
[ATTENTION] Using backend: xformers
/home/filippo/.conda/envs/trellis/lib/python3.10/site-packages/xformers/ops/fmha/flash.py:211: FutureWarning: `torch.library.impl_abstract` was renamed to `torch.library.register_fake`. Please use that instead; we will remove `torch.library.impl_abstract` in a future version of PyTorch.
  @torch.library.impl_abstract("xformers_flash::flash_fwd")
/home/filippo/.conda/envs/trellis/lib/python3.10/site-packages/xformers/ops/fmha/flash.py:344: FutureWarning: `torch.library.impl_abstract` was renamed to `torch.library.register_fake`. Please use that instead; we will remove `torch.library.impl_abstract` in a future version of PyTorch.
  @torch.library.impl_abstract("xformers_flash::flash_bwd")
Using device: cuda:0
Dataset size: 17925
Checkpoints and logs in: ./outputs/morphflow/20260417_133220
TensorBoard logs in: ./outputs/morphflow/20260417_133220/tb
Epoch 1 Batch 1 Loss: 1.417826
Epoch 1 Batch 2 Loss: 1.414582
Epoch 1 Batch 3 Loss: 1.411153
Epoch 1 Batch 4 Loss: 1.370317
Epoch 1 Batch 5 Loss: 1.391180
Epoch 1 Batch 6 Loss: 1.405735
Epoch 1 Batch 7 Loss: 1.378193
Epoch 1 Batch 8 Loss: 1.398511
Epoch 1 Batch 9 Loss: 1.383141
Epoch 1 Batch 10 Loss: 1.379313
Epoch 1 Batch 11 Loss: 1.348081
Epoch 1 Batch 12 Loss: 1.341007
Epoch 1 Batch 13 Loss: 1.359647
Epoch 1 Batch 14 Loss: 1.372761
Epoch 1 Batch 15 Loss: 1.317109
Epoch 1 Batch 16 Loss: 1.386587
Epoch 1 Batch 17 Loss: 1.347550
Epoch 1 Batch 18 Loss: 1.387705
Epoch 1 Batch 19 Loss: 1.297470
Epoch 1 Batch 20 Loss: 1.407187
Epoch 1 Batch 21 Loss: 1.350293
Epoch 1 Batch 22 Loss: 1.345528
Epoch 1 Batch 23 Loss: 1.330245
