The following values were not passed to `accelerate launch` and had defaults used instead:
	`--num_machines` was set to a value of `1`
	`--mixed_precision` was set to a value of `'no'`
	`--dynamo_backend` was set to a value of `'no'`
To avoid this warning pass in values for each of the problematic parameters or run `accelerate config`.
[SPARSE] Backend: spconv, Attention: xformers
[SPARSE][CONV] spconv algo: auto
[ATTENTION] Using backend: xformers
[SPARSE] Backend: spconv, Attention: xformers
[SPARSE][CONV] spconv algo: auto
[ATTENTION] Using backend: xformers
/home/filippo/.conda/envs/trellis/lib/python3.10/site-packages/xformers/ops/fmha/flash.py:211: FutureWarning: `torch.library.impl_abstract` was renamed to `torch.library.register_fake`. Please use that instead; we will remove `torch.library.impl_abstract` in a future version of PyTorch.
  @torch.library.impl_abstract("xformers_flash::flash_fwd")
/home/filippo/.conda/envs/trellis/lib/python3.10/site-packages/xformers/ops/fmha/flash.py:211: FutureWarning: `torch.library.impl_abstract` was renamed to `torch.library.register_fake`. Please use that instead; we will remove `torch.library.impl_abstract` in a future version of PyTorch.
  @torch.library.impl_abstract("xformers_flash::flash_fwd")
/home/filippo/.conda/envs/trellis/lib/python3.10/site-packages/xformers/ops/fmha/flash.py:344: FutureWarning: `torch.library.impl_abstract` was renamed to `torch.library.register_fake`. Please use that instead; we will remove `torch.library.impl_abstract` in a future version of PyTorch.
  @torch.library.impl_abstract("xformers_flash::flash_bwd")
/home/filippo/.conda/envs/trellis/lib/python3.10/site-packages/xformers/ops/fmha/flash.py:344: FutureWarning: `torch.library.impl_abstract` was renamed to `torch.library.register_fake`. Please use that instead; we will remove `torch.library.impl_abstract` in a future version of PyTorch.
  @torch.library.impl_abstract("xformers_flash::flash_bwd")
[MorphingDistillDataset] valid samples: 17571 | skipped missing/corrupted candidates: 0 | skipped by asset exclusion: 354
[MorphingDistillDataset] valid samples: 200 | skipped missing/corrupted candidates: 0 | skipped by asset exclusion: 0
Using device: cuda:0
Num processes: 2
Dataset size: 17571
Excluded train assets from validation metadata: 84
Validation dataset size: 200
Checkpoints and logs in: ./outputs/morphflow/20260424_124241
TensorBoard logs in: ./outputs/morphflow/20260424_124241/tb
EMA enabled: True
EMA decay: 0.9999
Epoch 1/100:   0%|          | 0/628 [00:00<?, ?it/s]Epoch 1/100:   0%|          | 0/628 [00:18<?, ?it/s, avg=1.375294, loss=1.375294, step=1]Epoch 1/100:   0%|          | 1/628 [00:18<3:12:43, 18.44s/it, avg=1.375294, loss=1.375294, step=1]Epoch 1/100:   0%|          | 1/628 [00:36<3:12:43, 18.44s/it, avg=1.407901, loss=1.440509, step=2]Epoch 1/100:   0%|          | 2/628 [00:36<3:09:43, 18.18s/it, avg=1.407901, loss=1.440509, step=2]Epoch 1/100:   0%|          | 2/628 [00:54<3:09:43, 18.18s/it, avg=1.396856, loss=1.374765, step=3]Epoch 1/100:   0%|          | 3/628 [00:54<3:07:20, 17.98s/it, avg=1.396856, loss=1.374765, step=3]Epoch 1/100:   0%|          | 3/628 [01:12<3:07:20, 17.98s/it, avg=1.398501, loss=1.403435, step=4]Epoch 1/100:   1%|          | 4/628 [01:12<3:06:47, 17.96s/it, avg=1.398501, loss=1.403435, step=4]Epoch 1/100:   1%|          | 4/628 [01:29<3:06:47, 17.96s/it, avg=1.394992, loss=1.380959, step=5]Epoch 1/100:   1%|          | 5/628 [01:29<3:04:41, 17.79s/it, avg=1.394992, loss=1.380959, step=5]W0424 12:44:30.063000 140283705418816 torch/distributed/elastic/agent/server/api.py:688] Received Signals.SIGTERM death signal, shutting down workers
W0424 12:44:30.063000 140283705418816 torch/distributed/elastic/multiprocessing/api.py:858] Sending process 3242907 closing signal SIGTERM
W0424 12:44:30.063000 140283705418816 torch/distributed/elastic/multiprocessing/api.py:858] Sending process 3242908 closing signal SIGTERM
Traceback (most recent call last):
  File "/home/filippo/.conda/envs/trellis/bin/accelerate", line 6, in <module>
    sys.exit(main())
  File "/home/filippo/.conda/envs/trellis/lib/python3.10/site-packages/accelerate/commands/accelerate_cli.py", line 50, in main
    args.func(args)
  File "/home/filippo/.conda/envs/trellis/lib/python3.10/site-packages/accelerate/commands/launch.py", line 1396, in launch_command
    multi_gpu_launcher(args)
  File "/home/filippo/.conda/envs/trellis/lib/python3.10/site-packages/accelerate/commands/launch.py", line 1023, in multi_gpu_launcher
    distrib_run.run(args)
  File "/home/filippo/.conda/envs/trellis/lib/python3.10/site-packages/torch/distributed/run.py", line 892, in run
    elastic_launch(
  File "/home/filippo/.conda/envs/trellis/lib/python3.10/site-packages/torch/distributed/launcher/api.py", line 133, in __call__
    return launch_agent(self._config, self._entrypoint, list(args))
  File "/home/filippo/.conda/envs/trellis/lib/python3.10/site-packages/torch/distributed/launcher/api.py", line 255, in launch_agent
    result = agent.run()
  File "/home/filippo/.conda/envs/trellis/lib/python3.10/site-packages/torch/distributed/elastic/metrics/api.py", line 124, in wrapper
    result = f(*args, **kwargs)
  File "/home/filippo/.conda/envs/trellis/lib/python3.10/site-packages/torch/distributed/elastic/agent/server/api.py", line 680, in run
    result = self._invoke_run(role)
  File "/home/filippo/.conda/envs/trellis/lib/python3.10/site-packages/torch/distributed/elastic/agent/server/api.py", line 835, in _invoke_run
    time.sleep(monitor_interval)
  File "/home/filippo/.conda/envs/trellis/lib/python3.10/site-packages/torch/distributed/elastic/multiprocessing/api.py", line 79, in _terminate_process_handler
    raise SignalException(f"Process {os.getpid()} got signal: {sigval}", sigval=sigval)
torch.distributed.elastic.multiprocessing.api.SignalException: Process 3242818 got signal: 15
