[SPARSE] Backend: spconv, Attention: xformers
[SPARSE][CONV] spconv algo: auto
[ATTENTION] Using backend: xformers
/home/filippo/.conda/envs/trellis/lib/python3.10/site-packages/xformers/ops/fmha/flash.py:211: FutureWarning: `torch.library.impl_abstract` was renamed to `torch.library.register_fake`. Please use that instead; we will remove `torch.library.impl_abstract` in a future version of PyTorch.
  @torch.library.impl_abstract("xformers_flash::flash_fwd")
/home/filippo/.conda/envs/trellis/lib/python3.10/site-packages/xformers/ops/fmha/flash.py:344: FutureWarning: `torch.library.impl_abstract` was renamed to `torch.library.register_fake`. Please use that instead; we will remove `torch.library.impl_abstract` in a future version of PyTorch.
  @torch.library.impl_abstract("xformers_flash::flash_bwd")
Using device: cuda:0
[MorphingDistillDataset] valid samples: 17922 | skipped missing/corrupted candidates: 3
[MorphingDistillDataset][skip] target=1188_bard-like-anthropomorphic-rat-warrior+7097_moss-covered-mushroom-folk-warrior+a0p3469
  missing: /home/filippo/datasets/3d/morphing_dataset_flux/pairs_2/1188_bard-like-anthropomorphic-rat-warrior+7097_moss-covered-mushroom-folk-warrior+a0p3469/mid_slat_feats.pt
  missing: /home/filippo/datasets/3d/morphing_dataset_flux/pairs_2/1188_bard-like-anthropomorphic-rat-warrior+7097_moss-covered-mushroom-folk-warrior+a0p3469/mid_slat_coords.pt
  missing: /home/filippo/datasets/3d/morphing_dataset_flux/pairs_2/1188_bard-like-anthropomorphic-rat-warrior+7097_moss-covered-mushroom-folk-warrior+a0p3469/mid_sparse_structure_latent.pt
[MorphingDistillDataset][skip] target=1193_bard-like-anthropomorphic-hamster-monk+6952_compact-anthropomorphic-tortoise-guarding-stance+a0p7349
  missing: /home/filippo/datasets/3d/morphing_dataset_flux/pairs_2/1193_bard-like-anthropomorphic-hamster-monk+6952_compact-anthropomorphic-tortoise-guarding-stance+a0p7349/mid_slat_feats.pt
  missing: /home/filippo/datasets/3d/morphing_dataset_flux/pairs_2/1193_bard-like-anthropomorphic-hamster-monk+6952_compact-anthropomorphic-tortoise-guarding-stance+a0p7349/mid_slat_coords.pt
  missing: /home/filippo/datasets/3d/morphing_dataset_flux/pairs_2/1193_bard-like-anthropomorphic-hamster-monk+6952_compact-anthropomorphic-tortoise-guarding-stance+a0p7349/mid_sparse_structure_latent.pt
[MorphingDistillDataset][skip] target=1194_jungle-ice-beast-sneaky-pose+0022_bard-like-anthropomorphic-manta-ray+a0p8288
  missing: /home/filippo/datasets/3d/morphing_dataset_flux/pairs_2/1194_jungle-ice-beast-sneaky-pose+0022_bard-like-anthropomorphic-manta-ray+a0p8288/mid_slat_feats.pt
  missing: /home/filippo/datasets/3d/morphing_dataset_flux/pairs_2/1194_jungle-ice-beast-sneaky-pose+0022_bard-like-anthropomorphic-manta-ray+a0p8288/mid_slat_coords.pt
  missing: /home/filippo/datasets/3d/morphing_dataset_flux/pairs_2/1194_jungle-ice-beast-sneaky-pose+0022_bard-like-anthropomorphic-manta-ray+a0p8288/mid_sparse_structure_latent.pt
Dataset size: 17922
Checkpoints and logs in: ./outputs/morphflow/20260417_135707
TensorBoard logs in: ./outputs/morphflow/20260417_135707/tb
[Epoch 1/100] [Batch 100/1121] [Step 100] loss=0.918284 avg_loss=1.168859
