The following values were not passed to `accelerate launch` and had defaults used instead:
	`--num_machines` was set to a value of `1`
	`--mixed_precision` was set to a value of `'no'`
	`--dynamo_backend` was set to a value of `'no'`
To avoid this warning pass in values for each of the problematic parameters or run `accelerate config`.
[SPARSE] Backend: spconv, Attention: xformers
[SPARSE][CONV] spconv algo: auto
[ATTENTION] Using backend: xformers
[SPARSE] Backend: spconv, Attention: xformers
[SPARSE][CONV] spconv algo: auto
[ATTENTION] Using backend: xformers
/home/filippo/.conda/envs/trellis/lib/python3.10/site-packages/xformers/ops/fmha/flash.py:211: FutureWarning: `torch.library.impl_abstract` was renamed to `torch.library.register_fake`. Please use that instead; we will remove `torch.library.impl_abstract` in a future version of PyTorch.
  @torch.library.impl_abstract("xformers_flash::flash_fwd")
/home/filippo/.conda/envs/trellis/lib/python3.10/site-packages/xformers/ops/fmha/flash.py:211: FutureWarning: `torch.library.impl_abstract` was renamed to `torch.library.register_fake`. Please use that instead; we will remove `torch.library.impl_abstract` in a future version of PyTorch.
  @torch.library.impl_abstract("xformers_flash::flash_fwd")
/home/filippo/.conda/envs/trellis/lib/python3.10/site-packages/xformers/ops/fmha/flash.py:344: FutureWarning: `torch.library.impl_abstract` was renamed to `torch.library.register_fake`. Please use that instead; we will remove `torch.library.impl_abstract` in a future version of PyTorch.
  @torch.library.impl_abstract("xformers_flash::flash_bwd")
/home/filippo/.conda/envs/trellis/lib/python3.10/site-packages/xformers/ops/fmha/flash.py:344: FutureWarning: `torch.library.impl_abstract` was renamed to `torch.library.register_fake`. Please use that instead; we will remove `torch.library.impl_abstract` in a future version of PyTorch.
  @torch.library.impl_abstract("xformers_flash::flash_bwd")
[MorphingDistillDataset] valid samples: 17922 | skipped missing/corrupted candidates: 3
[MorphingDistillDataset][skip] target=1188_bard-like-anthropomorphic-rat-warrior+7097_moss-covered-mushroom-folk-warrior+a0p3469
  missing: /home/filippo/datasets/3d/morphing_dataset_flux/pairs_2/1188_bard-like-anthropomorphic-rat-warrior+7097_moss-covered-mushroom-folk-warrior+a0p3469/mid_slat_feats.pt
  missing: /home/filippo/datasets/3d/morphing_dataset_flux/pairs_2/1188_bard-like-anthropomorphic-rat-warrior+7097_moss-covered-mushroom-folk-warrior+a0p3469/mid_slat_coords.pt
  missing: /home/filippo/datasets/3d/morphing_dataset_flux/pairs_2/1188_bard-like-anthropomorphic-rat-warrior+7097_moss-covered-mushroom-folk-warrior+a0p3469/mid_sparse_structure_latent.pt
[MorphingDistillDataset][skip] target=1193_bard-like-anthropomorphic-hamster-monk+6952_compact-anthropomorphic-tortoise-guarding-stance+a0p7349
  missing: /home/filippo/datasets/3d/morphing_dataset_flux/pairs_2/1193_bard-like-anthropomorphic-hamster-monk+6952_compact-anthropomorphic-tortoise-guarding-stance+a0p7349/mid_slat_feats.pt
  missing: /home/filippo/datasets/3d/morphing_dataset_flux/pairs_2/1193_bard-like-anthropomorphic-hamster-monk+6952_compact-anthropomorphic-tortoise-guarding-stance+a0p7349/mid_slat_coords.pt
  missing: /home/filippo/datasets/3d/morphing_dataset_flux/pairs_2/1193_bard-like-anthropomorphic-hamster-monk+6952_compact-anthropomorphic-tortoise-guarding-stance+a0p7349/mid_sparse_structure_latent.pt
[MorphingDistillDataset][skip] target=1194_jungle-ice-beast-sneaky-pose+0022_bard-like-anthropomorphic-manta-ray+a0p8288
  missing: /home/filippo/datasets/3d/morphing_dataset_flux/pairs_2/1194_jungle-ice-beast-sneaky-pose+0022_bard-like-anthropomorphic-manta-ray+a0p8288/mid_slat_feats.pt
  missing: /home/filippo/datasets/3d/morphing_dataset_flux/pairs_2/1194_jungle-ice-beast-sneaky-pose+0022_bard-like-anthropomorphic-manta-ray+a0p8288/mid_slat_coords.pt
  missing: /home/filippo/datasets/3d/morphing_dataset_flux/pairs_2/1194_jungle-ice-beast-sneaky-pose+0022_bard-like-anthropomorphic-manta-ray+a0p8288/mid_sparse_structure_latent.pt
[MorphingDistillDataset] valid samples: 17922 | skipped missing/corrupted candidates: 3
[MorphingDistillDataset][skip] target=1188_bard-like-anthropomorphic-rat-warrior+7097_moss-covered-mushroom-folk-warrior+a0p3469
  missing: /home/filippo/datasets/3d/morphing_dataset_flux/pairs_2/1188_bard-like-anthropomorphic-rat-warrior+7097_moss-covered-mushroom-folk-warrior+a0p3469/mid_slat_feats.pt
  missing: /home/filippo/datasets/3d/morphing_dataset_flux/pairs_2/1188_bard-like-anthropomorphic-rat-warrior+7097_moss-covered-mushroom-folk-warrior+a0p3469/mid_slat_coords.pt
  missing: /home/filippo/datasets/3d/morphing_dataset_flux/pairs_2/1188_bard-like-anthropomorphic-rat-warrior+7097_moss-covered-mushroom-folk-warrior+a0p3469/mid_sparse_structure_latent.pt
[MorphingDistillDataset][skip] target=1193_bard-like-anthropomorphic-hamster-monk+6952_compact-anthropomorphic-tortoise-guarding-stance+a0p7349
  missing: /home/filippo/datasets/3d/morphing_dataset_flux/pairs_2/1193_bard-like-anthropomorphic-hamster-monk+6952_compact-anthropomorphic-tortoise-guarding-stance+a0p7349/mid_slat_feats.pt
  missing: /home/filippo/datasets/3d/morphing_dataset_flux/pairs_2/1193_bard-like-anthropomorphic-hamster-monk+6952_compact-anthropomorphic-tortoise-guarding-stance+a0p7349/mid_slat_coords.pt
  missing: /home/filippo/datasets/3d/morphing_dataset_flux/pairs_2/1193_bard-like-anthropomorphic-hamster-monk+6952_compact-anthropomorphic-tortoise-guarding-stance+a0p7349/mid_sparse_structure_latent.pt
[MorphingDistillDataset][skip] target=1194_jungle-ice-beast-sneaky-pose+0022_bard-like-anthropomorphic-manta-ray+a0p8288
  missing: /home/filippo/datasets/3d/morphing_dataset_flux/pairs_2/1194_jungle-ice-beast-sneaky-pose+0022_bard-like-anthropomorphic-manta-ray+a0p8288/mid_slat_feats.pt
  missing: /home/filippo/datasets/3d/morphing_dataset_flux/pairs_2/1194_jungle-ice-beast-sneaky-pose+0022_bard-like-anthropomorphic-manta-ray+a0p8288/mid_slat_coords.pt
  missing: /home/filippo/datasets/3d/morphing_dataset_flux/pairs_2/1194_jungle-ice-beast-sneaky-pose+0022_bard-like-anthropomorphic-manta-ray+a0p8288/mid_sparse_structure_latent.pt
[rank1]: Traceback (most recent call last):
[rank1]:   File "/home/filippo/projects/MorphFlow/main.py", line 9, in <module>
[rank1]:     train(args)
[rank1]:   File "/home/filippo/projects/MorphFlow/train.py", line 51, in train
[rank1]:     model, optimizer, loader = accelerator.prepare(model, optimizer, loader)
[rank1]:   File "/home/filippo/.conda/envs/trellis/lib/python3.10/site-packages/accelerate/accelerator.py", line 1556, in prepare
[rank1]:     result = tuple(
[rank1]:   File "/home/filippo/.conda/envs/trellis/lib/python3.10/site-packages/accelerate/accelerator.py", line 1557, in <genexpr>
[rank1]:     self._prepare_one(obj, first_pass=True, device_placement=d) for obj, d in zip(args, device_placement)
[rank1]:   File "/home/filippo/.conda/envs/trellis/lib/python3.10/site-packages/accelerate/accelerator.py", line 1402, in _prepare_one
[rank1]:     return self.prepare_model(obj, device_placement=device_placement)
[rank1]:   File "/home/filippo/.conda/envs/trellis/lib/python3.10/site-packages/accelerate/accelerator.py", line 1881, in prepare_model
[rank1]:     model = torch.nn.parallel.DistributedDataParallel(
[rank1]:   File "/home/filippo/.conda/envs/trellis/lib/python3.10/site-packages/torch/nn/parallel/distributed.py", line 822, in __init__
[rank1]:     _verify_param_shape_across_processes(self.process_group, parameters)
[rank1]:   File "/home/filippo/.conda/envs/trellis/lib/python3.10/site-packages/torch/distributed/utils.py", line 286, in _verify_param_shape_across_processes
[rank1]:     return dist._verify_params_across_processes(process_group, tensors, logger)
[rank1]: torch.distributed.DistBackendError: NCCL error in: ../torch/csrc/distributed/c10d/NCCLUtils.hpp:275, invalid usage (run with NCCL_DEBUG=WARN for details), NCCL version 2.20.5
[rank1]: ncclInvalidUsage: This usually reflects invalid usage of NCCL library.
[rank1]: Last error:
[rank1]: Duplicate GPU detected : rank 1 and rank 0 both on CUDA device 41000
[rank0]: Traceback (most recent call last):
[rank0]:   File "/home/filippo/projects/MorphFlow/main.py", line 9, in <module>
[rank0]:     train(args)
[rank0]:   File "/home/filippo/projects/MorphFlow/train.py", line 51, in train
[rank0]:     model, optimizer, loader = accelerator.prepare(model, optimizer, loader)
[rank0]:   File "/home/filippo/.conda/envs/trellis/lib/python3.10/site-packages/accelerate/accelerator.py", line 1556, in prepare
[rank0]:     result = tuple(
[rank0]:   File "/home/filippo/.conda/envs/trellis/lib/python3.10/site-packages/accelerate/accelerator.py", line 1557, in <genexpr>
[rank0]:     self._prepare_one(obj, first_pass=True, device_placement=d) for obj, d in zip(args, device_placement)
[rank0]:   File "/home/filippo/.conda/envs/trellis/lib/python3.10/site-packages/accelerate/accelerator.py", line 1402, in _prepare_one
[rank0]:     return self.prepare_model(obj, device_placement=device_placement)
[rank0]:   File "/home/filippo/.conda/envs/trellis/lib/python3.10/site-packages/accelerate/accelerator.py", line 1881, in prepare_model
[rank0]:     model = torch.nn.parallel.DistributedDataParallel(
[rank0]:   File "/home/filippo/.conda/envs/trellis/lib/python3.10/site-packages/torch/nn/parallel/distributed.py", line 822, in __init__
[rank0]:     _verify_param_shape_across_processes(self.process_group, parameters)
[rank0]:   File "/home/filippo/.conda/envs/trellis/lib/python3.10/site-packages/torch/distributed/utils.py", line 286, in _verify_param_shape_across_processes
[rank0]:     return dist._verify_params_across_processes(process_group, tensors, logger)
[rank0]: torch.distributed.DistBackendError: NCCL error in: ../torch/csrc/distributed/c10d/NCCLUtils.hpp:275, invalid usage (run with NCCL_DEBUG=WARN for details), NCCL version 2.20.5
[rank0]: ncclInvalidUsage: This usually reflects invalid usage of NCCL library.
[rank0]: Last error:
[rank0]: Duplicate GPU detected : rank 0 and rank 1 both on CUDA device 41000
W0417 14:27:27.248000 139932754568256 torch/distributed/elastic/multiprocessing/api.py:858] Sending process 2922288 closing signal SIGTERM
E0417 14:27:27.312000 139932754568256 torch/distributed/elastic/multiprocessing/api.py:833] failed (exitcode: 1) local_rank: 1 (pid: 2922289) of binary: /home/filippo/.conda/envs/trellis/bin/python
Traceback (most recent call last):
  File "/home/filippo/.conda/envs/trellis/bin/accelerate", line 6, in <module>
    sys.exit(main())
  File "/home/filippo/.conda/envs/trellis/lib/python3.10/site-packages/accelerate/commands/accelerate_cli.py", line 50, in main
    args.func(args)
  File "/home/filippo/.conda/envs/trellis/lib/python3.10/site-packages/accelerate/commands/launch.py", line 1396, in launch_command
    multi_gpu_launcher(args)
  File "/home/filippo/.conda/envs/trellis/lib/python3.10/site-packages/accelerate/commands/launch.py", line 1023, in multi_gpu_launcher
    distrib_run.run(args)
  File "/home/filippo/.conda/envs/trellis/lib/python3.10/site-packages/torch/distributed/run.py", line 892, in run
    elastic_launch(
  File "/home/filippo/.conda/envs/trellis/lib/python3.10/site-packages/torch/distributed/launcher/api.py", line 133, in __call__
    return launch_agent(self._config, self._entrypoint, list(args))
  File "/home/filippo/.conda/envs/trellis/lib/python3.10/site-packages/torch/distributed/launcher/api.py", line 264, in launch_agent
    raise ChildFailedError(
torch.distributed.elastic.multiprocessing.errors.ChildFailedError: 
============================================================
main.py FAILED
------------------------------------------------------------
Failures:
  <NO_OTHER_FAILURES>
------------------------------------------------------------
Root Cause (first observed failure):
[0]:
  time      : 2026-04-17_14:27:27
  host      : implabmonster
  rank      : 1 (local_rank: 1)
  exitcode  : 1 (pid: 2922289)
  error_file: <N/A>
  traceback : To enable traceback see: https://pytorch.org/docs/stable/elastic/errors.html
============================================================
