The following values were not passed to `accelerate launch` and had defaults used instead:
	`--num_machines` was set to a value of `1`
	`--mixed_precision` was set to a value of `'no'`
	`--dynamo_backend` was set to a value of `'no'`
To avoid this warning pass in values for each of the problematic parameters or run `accelerate config`.
[SPARSE] Backend: spconv, Attention: xformers
[SPARSE][CONV] spconv algo: auto
[ATTENTION] Using backend: xformers
[SPARSE] Backend: spconv, Attention: xformers
[SPARSE][CONV] spconv algo: auto
[ATTENTION] Using backend: xformers
/home/filippo/.conda/envs/trellis/lib/python3.10/site-packages/xformers/ops/fmha/flash.py:211: FutureWarning: `torch.library.impl_abstract` was renamed to `torch.library.register_fake`. Please use that instead; we will remove `torch.library.impl_abstract` in a future version of PyTorch.
  @torch.library.impl_abstract("xformers_flash::flash_fwd")
/home/filippo/.conda/envs/trellis/lib/python3.10/site-packages/xformers/ops/fmha/flash.py:211: FutureWarning: `torch.library.impl_abstract` was renamed to `torch.library.register_fake`. Please use that instead; we will remove `torch.library.impl_abstract` in a future version of PyTorch.
  @torch.library.impl_abstract("xformers_flash::flash_fwd")
/home/filippo/.conda/envs/trellis/lib/python3.10/site-packages/xformers/ops/fmha/flash.py:344: FutureWarning: `torch.library.impl_abstract` was renamed to `torch.library.register_fake`. Please use that instead; we will remove `torch.library.impl_abstract` in a future version of PyTorch.
  @torch.library.impl_abstract("xformers_flash::flash_bwd")
/home/filippo/.conda/envs/trellis/lib/python3.10/site-packages/xformers/ops/fmha/flash.py:344: FutureWarning: `torch.library.impl_abstract` was renamed to `torch.library.register_fake`. Please use that instead; we will remove `torch.library.impl_abstract` in a future version of PyTorch.
  @torch.library.impl_abstract("xformers_flash::flash_bwd")
[MorphingDistillDataset] valid samples: 17571 | skipped missing/corrupted candidates: 0 | skipped by asset exclusion: 354
[MorphingDistillDataset] valid samples: 200 | skipped missing/corrupted candidates: 0 | skipped by asset exclusion: 0
Using device: cuda:0
Num processes: 2
Dataset size: 17571
Excluded train assets from validation metadata: 84
Validation dataset size: 200
Checkpoints and logs in: ./outputs/morphflow/20260424_123701
TensorBoard logs in: ./outputs/morphflow/20260424_123701/tb
EMA enabled: True
EMA decay: 0.9999
Epoch 1/100:   0%|          | 0/628 [00:00<?, ?it/s][rank1]: Traceback (most recent call last):
[rank1]:   File "/home/filippo/projects/MorphFlow/main.py", line 9, in <module>
[rank1]:     train(args)
[rank1]:   File "/home/filippo/projects/MorphFlow/train.py", line 267, in train
[rank1]:     loss = model(
[rank1]:   File "/home/filippo/.conda/envs/trellis/lib/python3.10/site-packages/torch/nn/modules/module.py", line 1553, in _wrapped_call_impl
[rank1]:     return self._call_impl(*args, **kwargs)
[rank1]:   File "/home/filippo/.conda/envs/trellis/lib/python3.10/site-packages/torch/nn/modules/module.py", line 1562, in _call_impl
[rank1]:     return forward_call(*args, **kwargs)
[rank1]:   File "/home/filippo/.conda/envs/trellis/lib/python3.10/site-packages/torch/nn/parallel/distributed.py", line 1636, in forward
[rank1]:     else self._run_ddp_forward(*inputs, **kwargs)
[rank1]:   File "/home/filippo/.conda/envs/trellis/lib/python3.10/site-packages/torch/nn/parallel/distributed.py", line 1454, in _run_ddp_forward
[rank1]:     return self.module(*inputs, **kwargs)  # type: ignore[index]
[rank1]:   File "/home/filippo/.conda/envs/trellis/lib/python3.10/site-packages/torch/nn/modules/module.py", line 1553, in _wrapped_call_impl
[rank1]:     return self._call_impl(*args, **kwargs)
[rank1]:   File "/home/filippo/.conda/envs/trellis/lib/python3.10/site-packages/torch/nn/modules/module.py", line 1562, in _call_impl
[rank1]:     return forward_call(*args, **kwargs)
[rank1]:   File "/home/filippo/projects/MorphFlow/models/morph_flow.py", line 59, in forward
[rank1]:     pred = self.forward_flow(x_t, t, src_1_feats, src_2_feats, src_1_coords, src_2_coords, alpha)
[rank1]:   File "/home/filippo/projects/MorphFlow/models/morph_flow.py", line 48, in forward_flow
[rank1]:     out = self.sparse_structure_flow(x_t, t_flow, cond)
[rank1]:   File "/home/filippo/.conda/envs/trellis/lib/python3.10/site-packages/torch/nn/modules/module.py", line 1553, in _wrapped_call_impl
[rank1]:     return self._call_impl(*args, **kwargs)
[rank1]:   File "/home/filippo/.conda/envs/trellis/lib/python3.10/site-packages/torch/nn/modules/module.py", line 1562, in _call_impl
[rank1]:     return forward_call(*args, **kwargs)
[rank1]:   File "/home/filippo/projects/MorphFlow/models/sparse_structure_flow.py", line 193, in forward
[rank1]:     h = block(h, t_emb, cond)
[rank1]:   File "/home/filippo/.conda/envs/trellis/lib/python3.10/site-packages/torch/nn/modules/module.py", line 1553, in _wrapped_call_impl
[rank1]:     return self._call_impl(*args, **kwargs)
[rank1]:   File "/home/filippo/.conda/envs/trellis/lib/python3.10/site-packages/torch/nn/modules/module.py", line 1562, in _call_impl
[rank1]:     return forward_call(*args, **kwargs)
[rank1]:   File "/home/filippo/projects/MorphFlow/modules/transformer/modulated.py", line 156, in forward
[rank1]:     return self._forward(x, mod, context)
[rank1]:   File "/home/filippo/projects/MorphFlow/modules/transformer/modulated.py", line 143, in _forward
[rank1]:     h = self.cross_attn(h, context)
[rank1]:   File "/home/filippo/.conda/envs/trellis/lib/python3.10/site-packages/torch/nn/modules/module.py", line 1553, in _wrapped_call_impl
[rank1]:     return self._call_impl(*args, **kwargs)
[rank1]:   File "/home/filippo/.conda/envs/trellis/lib/python3.10/site-packages/torch/nn/modules/module.py", line 1562, in _call_impl
[rank1]:     return forward_call(*args, **kwargs)
[rank1]:   File "/home/filippo/projects/MorphFlow/modules/attention/modules.py", line 134, in forward
[rank1]:     kv = self.to_kv(context)
[rank1]:   File "/home/filippo/.conda/envs/trellis/lib/python3.10/site-packages/torch/nn/modules/module.py", line 1553, in _wrapped_call_impl
[rank1]:     return self._call_impl(*args, **kwargs)
[rank1]:   File "/home/filippo/.conda/envs/trellis/lib/python3.10/site-packages/torch/nn/modules/module.py", line 1562, in _call_impl
[rank1]:     return forward_call(*args, **kwargs)
[rank1]:   File "/home/filippo/.conda/envs/trellis/lib/python3.10/site-packages/torch/nn/modules/linear.py", line 117, in forward
[rank1]:     return F.linear(input, self.weight, self.bias)
[rank1]: torch.OutOfMemoryError: CUDA out of memory. Tried to allocate 384.00 MiB. GPU 1 has a total capacity of 23.55 GiB of which 358.81 MiB is free. Including non-PyTorch memory, this process has 23.19 GiB memory in use. Of the allocated memory 22.53 GiB is allocated by PyTorch, and 92.35 MiB is reserved by PyTorch but unallocated. If reserved but unallocated memory is large try setting PYTORCH_CUDA_ALLOC_CONF=expandable_segments:True to avoid fragmentation.  See documentation for Memory Management  (https://pytorch.org/docs/stable/notes/cuda.html#environment-variables)
Epoch 1/100:   0%|          | 0/628 [00:08<?, ?it/s]
[rank0]: Traceback (most recent call last):
[rank0]:   File "/home/filippo/projects/MorphFlow/main.py", line 9, in <module>
[rank0]:     train(args)
[rank0]:   File "/home/filippo/projects/MorphFlow/train.py", line 267, in train
[rank0]:     loss = model(
[rank0]:   File "/home/filippo/.conda/envs/trellis/lib/python3.10/site-packages/torch/nn/modules/module.py", line 1553, in _wrapped_call_impl
[rank0]:     return self._call_impl(*args, **kwargs)
[rank0]:   File "/home/filippo/.conda/envs/trellis/lib/python3.10/site-packages/torch/nn/modules/module.py", line 1562, in _call_impl
[rank0]:     return forward_call(*args, **kwargs)
[rank0]:   File "/home/filippo/.conda/envs/trellis/lib/python3.10/site-packages/torch/nn/parallel/distributed.py", line 1636, in forward
[rank0]:     else self._run_ddp_forward(*inputs, **kwargs)
[rank0]:   File "/home/filippo/.conda/envs/trellis/lib/python3.10/site-packages/torch/nn/parallel/distributed.py", line 1454, in _run_ddp_forward
[rank0]:     return self.module(*inputs, **kwargs)  # type: ignore[index]
[rank0]:   File "/home/filippo/.conda/envs/trellis/lib/python3.10/site-packages/torch/nn/modules/module.py", line 1553, in _wrapped_call_impl
[rank0]:     return self._call_impl(*args, **kwargs)
[rank0]:   File "/home/filippo/.conda/envs/trellis/lib/python3.10/site-packages/torch/nn/modules/module.py", line 1562, in _call_impl
[rank0]:     return forward_call(*args, **kwargs)
[rank0]:   File "/home/filippo/projects/MorphFlow/models/morph_flow.py", line 59, in forward
[rank0]:     pred = self.forward_flow(x_t, t, src_1_feats, src_2_feats, src_1_coords, src_2_coords, alpha)
[rank0]:   File "/home/filippo/projects/MorphFlow/models/morph_flow.py", line 48, in forward_flow
[rank0]:     out = self.sparse_structure_flow(x_t, t_flow, cond)
[rank0]:   File "/home/filippo/.conda/envs/trellis/lib/python3.10/site-packages/torch/nn/modules/module.py", line 1553, in _wrapped_call_impl
[rank0]:     return self._call_impl(*args, **kwargs)
[rank0]:   File "/home/filippo/.conda/envs/trellis/lib/python3.10/site-packages/torch/nn/modules/module.py", line 1562, in _call_impl
[rank0]:     return forward_call(*args, **kwargs)
[rank0]:   File "/home/filippo/projects/MorphFlow/models/sparse_structure_flow.py", line 193, in forward
[rank0]:     h = block(h, t_emb, cond)
[rank0]:   File "/home/filippo/.conda/envs/trellis/lib/python3.10/site-packages/torch/nn/modules/module.py", line 1553, in _wrapped_call_impl
[rank0]:     return self._call_impl(*args, **kwargs)
[rank0]:   File "/home/filippo/.conda/envs/trellis/lib/python3.10/site-packages/torch/nn/modules/module.py", line 1562, in _call_impl
[rank0]:     return forward_call(*args, **kwargs)
[rank0]:   File "/home/filippo/projects/MorphFlow/modules/transformer/modulated.py", line 156, in forward
[rank0]:     return self._forward(x, mod, context)
[rank0]:   File "/home/filippo/projects/MorphFlow/modules/transformer/modulated.py", line 143, in _forward
[rank0]:     h = self.cross_attn(h, context)
[rank0]:   File "/home/filippo/.conda/envs/trellis/lib/python3.10/site-packages/torch/nn/modules/module.py", line 1553, in _wrapped_call_impl
[rank0]:     return self._call_impl(*args, **kwargs)
[rank0]:   File "/home/filippo/.conda/envs/trellis/lib/python3.10/site-packages/torch/nn/modules/module.py", line 1562, in _call_impl
[rank0]:     return forward_call(*args, **kwargs)
[rank0]:   File "/home/filippo/projects/MorphFlow/modules/attention/modules.py", line 145, in forward
[rank0]:     h = self.to_out(h)
[rank0]:   File "/home/filippo/.conda/envs/trellis/lib/python3.10/site-packages/torch/nn/modules/module.py", line 1553, in _wrapped_call_impl
[rank0]:     return self._call_impl(*args, **kwargs)
[rank0]:   File "/home/filippo/.conda/envs/trellis/lib/python3.10/site-packages/torch/nn/modules/module.py", line 1562, in _call_impl
[rank0]:     return forward_call(*args, **kwargs)
[rank0]:   File "/home/filippo/.conda/envs/trellis/lib/python3.10/site-packages/torch/nn/modules/linear.py", line 117, in forward
[rank0]:     return F.linear(input, self.weight, self.bias)
[rank0]: torch.OutOfMemoryError: CUDA out of memory. Tried to allocate 56.00 MiB. GPU 0 has a total capacity of 23.55 GiB of which 4.81 MiB is free. Including non-PyTorch memory, this process has 23.54 GiB memory in use. Of the allocated memory 22.88 GiB is allocated by PyTorch, and 86.71 MiB is reserved by PyTorch but unallocated. If reserved but unallocated memory is large try setting PYTORCH_CUDA_ALLOC_CONF=expandable_segments:True to avoid fragmentation.  See documentation for Memory Management  (https://pytorch.org/docs/stable/notes/cuda.html#environment-variables)
E0424 12:37:56.233000 140349135803456 torch/distributed/elastic/multiprocessing/api.py:833] failed (exitcode: 1) local_rank: 0 (pid: 3241092) of binary: /home/filippo/.conda/envs/trellis/bin/python
Traceback (most recent call last):
  File "/home/filippo/.conda/envs/trellis/bin/accelerate", line 6, in <module>
    sys.exit(main())
  File "/home/filippo/.conda/envs/trellis/lib/python3.10/site-packages/accelerate/commands/accelerate_cli.py", line 50, in main
    args.func(args)
  File "/home/filippo/.conda/envs/trellis/lib/python3.10/site-packages/accelerate/commands/launch.py", line 1396, in launch_command
    multi_gpu_launcher(args)
  File "/home/filippo/.conda/envs/trellis/lib/python3.10/site-packages/accelerate/commands/launch.py", line 1023, in multi_gpu_launcher
    distrib_run.run(args)
  File "/home/filippo/.conda/envs/trellis/lib/python3.10/site-packages/torch/distributed/run.py", line 892, in run
    elastic_launch(
  File "/home/filippo/.conda/envs/trellis/lib/python3.10/site-packages/torch/distributed/launcher/api.py", line 133, in __call__
    return launch_agent(self._config, self._entrypoint, list(args))
  File "/home/filippo/.conda/envs/trellis/lib/python3.10/site-packages/torch/distributed/launcher/api.py", line 264, in launch_agent
    raise ChildFailedError(
torch.distributed.elastic.multiprocessing.errors.ChildFailedError: 
============================================================
main.py FAILED
------------------------------------------------------------
Failures:
[1]:
  time      : 2026-04-24_12:37:56
  host      : implabmonster
  rank      : 1 (local_rank: 1)
  exitcode  : 1 (pid: 3241093)
  error_file: <N/A>
  traceback : To enable traceback see: https://pytorch.org/docs/stable/elastic/errors.html
------------------------------------------------------------
Root Cause (first observed failure):
[0]:
  time      : 2026-04-24_12:37:56
  host      : implabmonster
  rank      : 0 (local_rank: 0)
  exitcode  : 1 (pid: 3241092)
  error_file: <N/A>
  traceback : To enable traceback see: https://pytorch.org/docs/stable/elastic/errors.html
============================================================
