The following values were not passed to `accelerate launch` and had defaults used instead:
	`--num_machines` was set to a value of `1`
	`--mixed_precision` was set to a value of `'no'`
	`--dynamo_backend` was set to a value of `'no'`
To avoid this warning pass in values for each of the problematic parameters or run `accelerate config`.
[SPARSE] Backend: spconv, Attention: xformers
[SPARSE][CONV] spconv algo: auto
[ATTENTION] Using backend: xformers
[SPARSE] Backend: spconv, Attention: xformers
[SPARSE][CONV] spconv algo: auto
[ATTENTION] Using backend: xformers
/home/filippo/.conda/envs/trellis/lib/python3.10/site-packages/xformers/ops/fmha/flash.py:211: FutureWarning: `torch.library.impl_abstract` was renamed to `torch.library.register_fake`. Please use that instead; we will remove `torch.library.impl_abstract` in a future version of PyTorch.
  @torch.library.impl_abstract("xformers_flash::flash_fwd")
/home/filippo/.conda/envs/trellis/lib/python3.10/site-packages/xformers/ops/fmha/flash.py:211: FutureWarning: `torch.library.impl_abstract` was renamed to `torch.library.register_fake`. Please use that instead; we will remove `torch.library.impl_abstract` in a future version of PyTorch.
  @torch.library.impl_abstract("xformers_flash::flash_fwd")
/home/filippo/.conda/envs/trellis/lib/python3.10/site-packages/xformers/ops/fmha/flash.py:344: FutureWarning: `torch.library.impl_abstract` was renamed to `torch.library.register_fake`. Please use that instead; we will remove `torch.library.impl_abstract` in a future version of PyTorch.
  @torch.library.impl_abstract("xformers_flash::flash_bwd")
/home/filippo/.conda/envs/trellis/lib/python3.10/site-packages/xformers/ops/fmha/flash.py:344: FutureWarning: `torch.library.impl_abstract` was renamed to `torch.library.register_fake`. Please use that instead; we will remove `torch.library.impl_abstract` in a future version of PyTorch.
  @torch.library.impl_abstract("xformers_flash::flash_bwd")
[MorphingDistillDataset] valid samples: 17571 | skipped missing/corrupted candidates: 0 | skipped by asset exclusion: 354
[MorphingDistillDataset] valid samples: 200 | skipped missing/corrupted candidates: 0 | skipped by asset exclusion: 0
Using device: cuda:0
Num processes: 2
Dataset size: 17571
Excluded train assets from validation metadata: 84
Validation dataset size: 200
Checkpoints and logs in: ./outputs/morphflow/20260424_124823
TensorBoard logs in: ./outputs/morphflow/20260424_124823/tb
EMA enabled: False
Epoch 1/100:   0%|          | 0/628 [00:00<?, ?it/s]Epoch 1/100:   0%|          | 0/628 [00:14<?, ?it/s, avg=1.391208, loss=1.391208, step=1]Epoch 1/100:   0%|          | 1/628 [00:14<2:29:39, 14.32s/it, avg=1.391208, loss=1.391208, step=1]Epoch 1/100:   0%|          | 1/628 [00:28<2:29:39, 14.32s/it, avg=1.405916, loss=1.420623, step=2]Epoch 1/100:   0%|          | 2/628 [00:28<2:26:54, 14.08s/it, avg=1.405916, loss=1.420623, step=2]Epoch 1/100:   0%|          | 2/628 [00:41<2:26:54, 14.08s/it, avg=1.402979, loss=1.397105, step=3]Epoch 1/100:   0%|          | 3/628 [00:41<2:24:24, 13.86s/it, avg=1.402979, loss=1.397105, step=3][rank1]: Traceback (most recent call last):
[rank1]:   File "/home/filippo/projects/MorphFlow/main.py", line 9, in <module>
[rank1]:     train(args)
[rank1]:   File "/home/filippo/projects/MorphFlow/train.py", line 276, in train
[rank1]:     accelerator.backward(loss)
[rank1]:   File "/home/filippo/.conda/envs/trellis/lib/python3.10/site-packages/accelerate/accelerator.py", line 2838, in backward
[rank1]:     loss.backward(**kwargs)
[rank1]:   File "/home/filippo/.conda/envs/trellis/lib/python3.10/site-packages/torch/_tensor.py", line 521, in backward
[rank1]:     torch.autograd.backward(
[rank1]:   File "/home/filippo/.conda/envs/trellis/lib/python3.10/site-packages/torch/autograd/__init__.py", line 289, in backward
[rank1]:     _engine_run_backward(
[rank1]:   File "/home/filippo/.conda/envs/trellis/lib/python3.10/site-packages/torch/autograd/graph.py", line 768, in _engine_run_backward
[rank1]:     return Variable._execution_engine.run_backward(  # Calls into the C++ engine to run the backward pass
[rank1]: torch.OutOfMemoryError: CUDA out of memory. Tried to allocate 224.00 MiB. GPU 1 has a total capacity of 23.55 GiB of which 118.81 MiB is free. Including non-PyTorch memory, this process has 23.43 GiB memory in use. Of the allocated memory 22.56 GiB is allocated by PyTorch, and 286.52 MiB is reserved by PyTorch but unallocated. If reserved but unallocated memory is large try setting PYTORCH_CUDA_ALLOC_CONF=expandable_segments:True to avoid fragmentation.  See documentation for Memory Management  (https://pytorch.org/docs/stable/notes/cuda.html#environment-variables)
W0424 12:49:57.971000 140026667476032 torch/distributed/elastic/multiprocessing/api.py:858] Sending process 3246247 closing signal SIGTERM
E0424 12:49:58.436000 140026667476032 torch/distributed/elastic/multiprocessing/api.py:833] failed (exitcode: 1) local_rank: 1 (pid: 3246248) of binary: /home/filippo/.conda/envs/trellis/bin/python
Traceback (most recent call last):
  File "/home/filippo/.conda/envs/trellis/bin/accelerate", line 6, in <module>
    sys.exit(main())
  File "/home/filippo/.conda/envs/trellis/lib/python3.10/site-packages/accelerate/commands/accelerate_cli.py", line 50, in main
    args.func(args)
  File "/home/filippo/.conda/envs/trellis/lib/python3.10/site-packages/accelerate/commands/launch.py", line 1396, in launch_command
    multi_gpu_launcher(args)
  File "/home/filippo/.conda/envs/trellis/lib/python3.10/site-packages/accelerate/commands/launch.py", line 1023, in multi_gpu_launcher
    distrib_run.run(args)
  File "/home/filippo/.conda/envs/trellis/lib/python3.10/site-packages/torch/distributed/run.py", line 892, in run
    elastic_launch(
  File "/home/filippo/.conda/envs/trellis/lib/python3.10/site-packages/torch/distributed/launcher/api.py", line 133, in __call__
    return launch_agent(self._config, self._entrypoint, list(args))
  File "/home/filippo/.conda/envs/trellis/lib/python3.10/site-packages/torch/distributed/launcher/api.py", line 264, in launch_agent
    raise ChildFailedError(
torch.distributed.elastic.multiprocessing.errors.ChildFailedError: 
============================================================
main.py FAILED
------------------------------------------------------------
Failures:
  <NO_OTHER_FAILURES>
------------------------------------------------------------
Root Cause (first observed failure):
[0]:
  time      : 2026-04-24_12:49:57
  host      : implabmonster
  rank      : 1 (local_rank: 1)
  exitcode  : 1 (pid: 3246248)
  error_file: <N/A>
  traceback : To enable traceback see: https://pytorch.org/docs/stable/elastic/errors.html
============================================================
